2022-09-10 16:05:02,974 INFO o.a.j.u.JMeterUtils: Setting Locale to en_EN
2022-09-10 16:05:03,010 INFO o.a.j.JMeter: Loading user properties from: user.properties
2022-09-10 16:05:03,010 INFO o.a.j.JMeter: Loading system properties from: system.properties
2022-09-10 16:05:03,011 INFO o.a.j.JMeter: Setting JMeter property: jmeter.save.saveservice.output_format=xml
2022-09-10 16:05:03,023 INFO o.a.j.JMeter: Copyright (c) 1998-2022 The Apache Software Foundation
2022-09-10 16:05:03,023 INFO o.a.j.JMeter: Version 5.5
2022-09-10 16:05:03,023 INFO o.a.j.JMeter: java.version=1.8.0_221
2022-09-10 16:05:03,023 INFO o.a.j.JMeter: java.vm.name=Java HotSpot(TM) 64-Bit Server VM
2022-09-10 16:05:03,023 INFO o.a.j.JMeter: os.name=Mac OS X
2022-09-10 16:05:03,023 INFO o.a.j.JMeter: os.arch=x86_64
2022-09-10 16:05:03,023 INFO o.a.j.JMeter: os.version=10.16
2022-09-10 16:05:03,023 INFO o.a.j.JMeter: file.encoding=UTF-8
2022-09-10 16:05:03,023 INFO o.a.j.JMeter: java.awt.headless=true
2022-09-10 16:05:03,024 INFO o.a.j.JMeter: Max memory     =1073741824
2022-09-10 16:05:03,024 INFO o.a.j.JMeter: Available Processors =12
2022-09-10 16:05:03,029 INFO o.a.j.JMeter: Default Locale=English (EN)
2022-09-10 16:05:03,030 INFO o.a.j.JMeter: JMeter  Locale=English (EN)
2022-09-10 16:05:03,030 INFO o.a.j.JMeter: JMeterHome=/Users/saraswatipanda/Desktop/apache-jmeter-5.5
2022-09-10 16:05:03,030 INFO o.a.j.JMeter: user.dir  =/Users/saraswatipanda/Desktop/apache-jmeter-5.5/bin
2022-09-10 16:05:03,030 INFO o.a.j.JMeter: PWD       =/Users/saraswatipanda/Desktop/apache-jmeter-5.5/bin
2022-09-10 16:05:03,032 INFO o.a.j.JMeter: IP: 192.168.29.43 Name: Saraswatis-MacBook-Pro.local FullName: 192.168.29.43
2022-09-10 16:05:03,068 INFO o.a.j.s.FileServer: Default base='/Users/saraswatipanda/Desktop/apache-jmeter-5.5/bin'
2022-09-10 16:05:03,069 INFO o.a.j.s.FileServer: Set new base='/Users/saraswatipanda/Desktop/apache-jmeter-5.5/bin'
2022-09-10 16:05:03,270 INFO o.a.j.s.SaveService: Testplan (JMX) version: 2.2. Testlog (JTL) version: 2.2
2022-09-10 16:05:03,306 INFO o.a.j.s.SaveService: Using SaveService properties file encoding UTF-8
2022-09-10 16:05:03,311 INFO o.a.j.s.SaveService: Using SaveService properties version 5.0
2022-09-10 16:05:03,320 INFO o.a.j.s.SaveService: Loading file: demo.jmx
2022-09-10 16:05:03,408 INFO o.a.j.p.h.s.HTTPSamplerBase: Parser for text/html is org.apache.jmeter.protocol.http.parser.LagartoBasedHtmlParser
2022-09-10 16:05:03,408 INFO o.a.j.p.h.s.HTTPSamplerBase: Parser for application/xhtml+xml is org.apache.jmeter.protocol.http.parser.LagartoBasedHtmlParser
2022-09-10 16:05:03,408 INFO o.a.j.p.h.s.HTTPSamplerBase: Parser for application/xml is org.apache.jmeter.protocol.http.parser.LagartoBasedHtmlParser
2022-09-10 16:05:03,408 INFO o.a.j.p.h.s.HTTPSamplerBase: Parser for text/xml is org.apache.jmeter.protocol.http.parser.LagartoBasedHtmlParser
2022-09-10 16:05:03,409 INFO o.a.j.p.h.s.HTTPSamplerBase: Parser for text/vnd.wap.wml is org.apache.jmeter.protocol.http.parser.RegexpHTMLParser
2022-09-10 16:05:03,409 INFO o.a.j.p.h.s.HTTPSamplerBase: Parser for text/css is org.apache.jmeter.protocol.http.parser.CssParser
2022-09-10 16:05:03,866 INFO o.a.j.JMeter: Creating summariser <summary>
2022-09-10 16:05:03,879 INFO o.a.j.e.StandardJMeterEngine: Running the test!
2022-09-10 16:05:03,879 INFO o.a.j.s.SampleEvent: List of sample_variables: []
2022-09-10 16:05:03,880 INFO o.a.j.s.SampleEvent: List of sample_variables: []
2022-09-10 16:05:03,897 INFO o.a.j.e.u.CompoundVariable: Note: Function class names must contain the string: '.functions.'
2022-09-10 16:05:03,897 INFO o.a.j.e.u.CompoundVariable: Note: Function class names must not contain the string: '.gui.'
2022-09-10 16:05:04,376 INFO o.a.j.JMeter: Running test (1662806104376)
2022-09-10 16:05:04,454 INFO o.a.j.e.StandardJMeterEngine: Starting ThreadGroup: 1 : DemoPerf
2022-09-10 16:05:04,454 INFO o.a.j.e.StandardJMeterEngine: Starting 100 threads for group DemoPerf.
2022-09-10 16:05:04,454 INFO o.a.j.e.StandardJMeterEngine: Thread will continue on error
2022-09-10 16:05:04,455 INFO o.a.j.t.ThreadGroup: Starting thread group... number=1 threads=100 ramp-up=30 delayedStart=false
2022-09-10 16:05:04,463 INFO o.a.j.t.JMeterThread: Thread started: DemoPerf 1-1
2022-09-10 16:05:04,504 INFO o.a.j.p.h.s.HTTPHCAbstractImpl: Local host = Saraswatis-MacBook-Pro.local
2022-09-10 16:05:04,516 INFO o.a.j.t.ThreadGroup: Started thread group number 1
2022-09-10 16:05:04,517 INFO o.a.j.p.h.s.HTTPHC4Impl: HTTP request retry count = 0
2022-09-10 16:05:04,517 INFO o.a.j.e.StandardJMeterEngine: All thread groups have been started
2022-09-10 16:05:04,519 INFO o.a.j.s.SampleResult: Note: Sample TimeStamps are START times
2022-09-10 16:05:04,519 INFO o.a.j.s.SampleResult: sampleresult.default.encoding is set to ISO-8859-1
2022-09-10 16:05:04,519 INFO o.a.j.s.SampleResult: sampleresult.useNanoTime=true
2022-09-10 16:05:04,519 INFO o.a.j.s.SampleResult: sampleresult.nanoThreadSleep=5000
2022-09-10 16:05:04,695 INFO o.a.j.p.h.s.h.LazyLayeredConnectionSocketFactory: Setting up HTTPS TrustAll Socket Factory
2022-09-10 16:05:04,703 INFO o.a.j.u.JsseSSLManager: Using default SSL protocol: TLS
2022-09-10 16:05:04,703 INFO o.a.j.u.JsseSSLManager: SSL session context: per-thread
2022-09-10 16:05:04,831 INFO o.a.j.t.JMeterThread: Thread started: DemoPerf 1-2
2022-09-10 16:05:04,958 INFO o.a.j.u.SSLManager: JmeterKeyStore Location:  type JKS
2022-09-10 16:05:04,960 INFO o.a.j.u.SSLManager: KeyStore created OK
2022-09-10 16:05:04,960 WARN o.a.j.u.SSLManager: Keystore file not found, loading empty keystore
2022-09-10 16:05:05,130 INFO o.a.j.t.JMeterThread: Thread started: DemoPerf 1-3
2022-09-10 16:05:05,263 INFO o.a.j.r.Summariser: summary +      1 in 00:00:01 =    1.1/s Avg:   616 Min:   616 Max:   616 Err:     0 (0.00%) Active: 3 Started: 3 Finished: 0
2022-09-10 16:05:05,296 INFO o.a.j.t.JMeterThread: Thread is done: DemoPerf 1-2
2022-09-10 16:05:05,296 INFO o.a.j.t.JMeterThread: Thread finished: DemoPerf 1-2
2022-09-10 16:05:05,296 INFO o.a.j.t.JMeterThread: Thread is done: DemoPerf 1-1
2022-09-10 16:05:05,296 INFO o.a.j.t.JMeterThread: Thread finished: DemoPerf 1-1
2022-09-10 16:05:05,430 INFO o.a.j.t.JMeterThread: Thread started: DemoPerf 1-4
2022-09-10 16:05:05,595 INFO o.a.j.t.JMeterThread: Thread is done: DemoPerf 1-3
2022-09-10 16:05:05,595 INFO o.a.j.t.JMeterThread: Thread finished: DemoPerf 1-3
2022-09-10 16:05:05,731 INFO o.a.j.t.JMeterThread: Thread started: DemoPerf 1-5
2022-09-10 16:05:05,846 INFO o.a.j.t.JMeterThread: Thread is done: DemoPerf 1-4
2022-09-10 16:05:05,846 INFO o.a.j.t.JMeterThread: Thread finished: DemoPerf 1-4
2022-09-10 16:05:06,030 INFO o.a.j.t.JMeterThread: Thread started: DemoPerf 1-6
2022-09-10 16:05:06,150 INFO o.a.j.t.JMeterThread: Thread is done: DemoPerf 1-6
2022-09-10 16:05:06,150 INFO o.a.j.t.JMeterThread: Thread finished: DemoPerf 1-6
2022-09-10 16:05:06,195 INFO o.a.j.t.JMeterThread: Thread is done: DemoPerf 1-5
2022-09-10 16:05:06,195 INFO o.a.j.t.JMeterThread: Thread finished: DemoPerf 1-5
2022-09-10 16:05:06,328 INFO o.a.j.t.JMeterThread: Thread started: DemoPerf 1-7
2022-09-10 16:05:06,619 INFO o.a.j.t.JMeterThread: Thread started: DemoPerf 1-8
2022-09-10 16:05:06,795 INFO o.a.j.t.JMeterThread: Thread is done: DemoPerf 1-7
2022-09-10 16:05:06,795 INFO o.a.j.t.JMeterThread: Thread finished: DemoPerf 1-7
2022-09-10 16:05:06,931 INFO o.a.j.t.JMeterThread: Thread started: DemoPerf 1-9
2022-09-10 16:05:07,072 INFO o.a.j.t.JMeterThread: Thread is done: DemoPerf 1-9
2022-09-10 16:05:07,072 INFO o.a.j.t.JMeterThread: Thread finished: DemoPerf 1-9
2022-09-10 16:05:07,095 INFO o.a.j.t.JMeterThread: Thread is done: DemoPerf 1-8
2022-09-10 16:05:07,095 INFO o.a.j.t.JMeterThread: Thread finished: DemoPerf 1-8
2022-09-10 16:05:07,230 INFO o.a.j.t.JMeterThread: Thread started: DemoPerf 1-10
2022-09-10 16:05:07,531 INFO o.a.j.t.JMeterThread: Thread started: DemoPerf 1-11
2022-09-10 16:05:07,657 INFO o.a.j.t.JMeterThread: Thread is done: DemoPerf 1-11
2022-09-10 16:05:07,657 INFO o.a.j.t.JMeterThread: Thread finished: DemoPerf 1-11
2022-09-10 16:05:07,678 INFO o.a.j.t.JMeterThread: Thread is done: DemoPerf 1-10
2022-09-10 16:05:07,678 INFO o.a.j.t.JMeterThread: Thread finished: DemoPerf 1-10
2022-09-10 16:05:07,831 INFO o.a.j.t.JMeterThread: Thread started: DemoPerf 1-12
2022-09-10 16:05:08,130 INFO o.a.j.t.JMeterThread: Thread started: DemoPerf 1-13
2022-09-10 16:05:08,264 INFO o.a.j.t.JMeterThread: Thread is done: DemoPerf 1-12
2022-09-10 16:05:08,265 INFO o.a.j.t.JMeterThread: Thread finished: DemoPerf 1-12
2022-09-10 16:05:08,278 INFO o.a.j.t.JMeterThread: Thread is done: DemoPerf 1-13
2022-09-10 16:05:08,279 INFO o.a.j.t.JMeterThread: Thread finished: DemoPerf 1-13
2022-09-10 16:05:08,431 INFO o.a.j.t.JMeterThread: Thread started: DemoPerf 1-14
2022-09-10 16:05:08,728 INFO o.a.j.t.JMeterThread: Thread started: DemoPerf 1-15
2022-09-10 16:05:08,873 INFO o.a.j.t.JMeterThread: Thread is done: DemoPerf 1-15
2022-09-10 16:05:08,873 INFO o.a.j.t.JMeterThread: Thread finished: DemoPerf 1-15
2022-09-10 16:05:08,880 INFO o.a.j.t.JMeterThread: Thread is done: DemoPerf 1-14
2022-09-10 16:05:08,880 INFO o.a.j.t.JMeterThread: Thread finished: DemoPerf 1-14
2022-09-10 16:05:09,031 INFO o.a.j.t.JMeterThread: Thread started: DemoPerf 1-16
2022-09-10 16:05:09,159 INFO o.a.j.t.JMeterThread: Thread is done: DemoPerf 1-16
2022-09-10 16:05:09,159 INFO o.a.j.t.JMeterThread: Thread finished: DemoPerf 1-16
2022-09-10 16:05:09,331 INFO o.a.j.t.JMeterThread: Thread started: DemoPerf 1-17
2022-09-10 16:05:09,472 INFO o.a.j.t.JMeterThread: Thread is done: DemoPerf 1-17
2022-09-10 16:05:09,472 INFO o.a.j.t.JMeterThread: Thread finished: DemoPerf 1-17
2022-09-10 16:05:09,631 INFO o.a.j.t.JMeterThread: Thread started: DemoPerf 1-18
2022-09-10 16:05:09,777 INFO o.a.j.t.JMeterThread: Thread is done: DemoPerf 1-18
2022-09-10 16:05:09,777 INFO o.a.j.t.JMeterThread: Thread finished: DemoPerf 1-18
2022-09-10 16:05:09,898 INFO o.a.j.t.JMeterThread: Thread started: DemoPerf 1-19
2022-09-10 16:05:10,231 INFO o.a.j.t.JMeterThread: Thread started: DemoPerf 1-20
2022-09-10 16:05:10,334 INFO o.a.j.t.JMeterThread: Thread is done: DemoPerf 1-19
2022-09-10 16:05:10,334 INFO o.a.j.t.JMeterThread: Thread finished: DemoPerf 1-19
2022-09-10 16:05:10,523 INFO o.a.j.t.JMeterThread: Thread started: DemoPerf 1-21
2022-09-10 16:05:10,645 INFO o.a.j.t.JMeterThread: Thread is done: DemoPerf 1-21
2022-09-10 16:05:10,645 INFO o.a.j.t.JMeterThread: Thread finished: DemoPerf 1-21
2022-09-10 16:05:10,696 INFO o.a.j.t.JMeterThread: Thread is done: DemoPerf 1-20
2022-09-10 16:05:10,696 INFO o.a.j.t.JMeterThread: Thread finished: DemoPerf 1-20
2022-09-10 16:05:10,831 INFO o.a.j.t.JMeterThread: Thread started: DemoPerf 1-22
2022-09-10 16:05:10,952 INFO o.a.j.t.JMeterThread: Thread is done: DemoPerf 1-22
2022-09-10 16:05:10,952 INFO o.a.j.t.JMeterThread: Thread finished: DemoPerf 1-22
2022-09-10 16:05:11,131 INFO o.a.j.t.JMeterThread: Thread started: DemoPerf 1-23
2022-09-10 16:05:11,271 INFO o.a.j.t.JMeterThread: Thread is done: DemoPerf 1-23
2022-09-10 16:05:11,271 INFO o.a.j.t.JMeterThread: Thread finished: DemoPerf 1-23
2022-09-10 16:05:11,431 INFO o.a.j.t.JMeterThread: Thread started: DemoPerf 1-24
2022-09-10 16:05:11,572 INFO o.a.j.t.JMeterThread: Thread is done: DemoPerf 1-24
2022-09-10 16:05:11,572 INFO o.a.j.t.JMeterThread: Thread finished: DemoPerf 1-24
2022-09-10 16:05:11,728 INFO o.a.j.t.JMeterThread: Thread started: DemoPerf 1-25
2022-09-10 16:05:11,848 INFO o.a.j.t.JMeterThread: Thread is done: DemoPerf 1-25
2022-09-10 16:05:11,848 INFO o.a.j.t.JMeterThread: Thread finished: DemoPerf 1-25
2022-09-10 16:05:11,994 INFO o.a.j.t.JMeterThread: Thread started: DemoPerf 1-26
2022-09-10 16:05:12,328 INFO o.a.j.t.JMeterThread: Thread started: DemoPerf 1-27
2022-09-10 16:05:12,428 INFO o.a.j.t.JMeterThread: Thread is done: DemoPerf 1-26
2022-09-10 16:05:12,428 INFO o.a.j.t.JMeterThread: Thread finished: DemoPerf 1-26
2022-09-10 16:05:12,456 INFO o.a.j.t.JMeterThread: Thread is done: DemoPerf 1-27
2022-09-10 16:05:12,456 INFO o.a.j.t.JMeterThread: Thread finished: DemoPerf 1-27
2022-09-10 16:05:12,631 INFO o.a.j.t.JMeterThread: Thread started: DemoPerf 1-28
2022-09-10 16:05:12,748 INFO o.a.j.t.JMeterThread: Thread is done: DemoPerf 1-28
2022-09-10 16:05:12,748 INFO o.a.j.t.JMeterThread: Thread finished: DemoPerf 1-28
2022-09-10 16:05:12,922 INFO o.a.j.t.JMeterThread: Thread started: DemoPerf 1-29
2022-09-10 16:05:13,045 INFO o.a.j.t.JMeterThread: Thread is done: DemoPerf 1-29
2022-09-10 16:05:13,045 INFO o.a.j.t.JMeterThread: Thread finished: DemoPerf 1-29
2022-09-10 16:05:13,231 INFO o.a.j.t.JMeterThread: Thread started: DemoPerf 1-30
2022-09-10 16:05:13,362 INFO o.a.j.t.JMeterThread: Thread is done: DemoPerf 1-30
2022-09-10 16:05:13,362 INFO o.a.j.t.JMeterThread: Thread finished: DemoPerf 1-30
2022-09-10 16:05:13,531 INFO o.a.j.t.JMeterThread: Thread started: DemoPerf 1-31
2022-09-10 16:05:13,831 INFO o.a.j.t.JMeterThread: Thread started: DemoPerf 1-32
2022-09-10 16:05:13,979 INFO o.a.j.t.JMeterThread: Thread is done: DemoPerf 1-31
2022-09-10 16:05:13,979 INFO o.a.j.t.JMeterThread: Thread finished: DemoPerf 1-31
2022-09-10 16:05:14,125 INFO o.a.j.t.JMeterThread: Thread started: DemoPerf 1-33
2022-09-10 16:05:14,261 INFO o.a.j.t.JMeterThread: Thread is done: DemoPerf 1-32
2022-09-10 16:05:14,261 INFO o.a.j.t.JMeterThread: Thread finished: DemoPerf 1-32
2022-09-10 16:05:14,426 INFO o.a.j.t.JMeterThread: Thread started: DemoPerf 1-34
2022-09-10 16:05:14,542 INFO o.a.j.t.JMeterThread: Thread is done: DemoPerf 1-34
2022-09-10 16:05:14,542 INFO o.a.j.t.JMeterThread: Thread finished: DemoPerf 1-34
2022-09-10 16:05:14,581 INFO o.a.j.t.JMeterThread: Thread is done: DemoPerf 1-33
2022-09-10 16:05:14,581 INFO o.a.j.t.JMeterThread: Thread finished: DemoPerf 1-33
2022-09-10 16:05:14,726 INFO o.a.j.t.JMeterThread: Thread started: DemoPerf 1-35
2022-09-10 16:05:14,858 INFO o.a.j.t.JMeterThread: Thread is done: DemoPerf 1-35
2022-09-10 16:05:14,858 INFO o.a.j.t.JMeterThread: Thread finished: DemoPerf 1-35
2022-09-10 16:05:15,028 INFO o.a.j.t.JMeterThread: Thread started: DemoPerf 1-36
2022-09-10 16:05:15,322 INFO o.a.j.t.JMeterThread: Thread started: DemoPerf 1-37
2022-09-10 16:05:15,455 INFO o.a.j.t.JMeterThread: Thread is done: DemoPerf 1-36
2022-09-10 16:05:15,455 INFO o.a.j.t.JMeterThread: Thread finished: DemoPerf 1-36
2022-09-10 16:05:15,624 INFO o.a.j.t.JMeterThread: Thread started: DemoPerf 1-38
2022-09-10 16:05:15,749 INFO o.a.j.t.JMeterThread: Thread is done: DemoPerf 1-38
2022-09-10 16:05:15,749 INFO o.a.j.t.JMeterThread: Thread finished: DemoPerf 1-38
2022-09-10 16:05:15,758 INFO o.a.j.t.JMeterThread: Thread is done: DemoPerf 1-37
2022-09-10 16:05:15,758 INFO o.a.j.t.JMeterThread: Thread finished: DemoPerf 1-37
2022-09-10 16:05:15,923 INFO o.a.j.t.JMeterThread: Thread started: DemoPerf 1-39
2022-09-10 16:05:16,048 INFO o.a.j.t.JMeterThread: Thread is done: DemoPerf 1-39
2022-09-10 16:05:16,048 INFO o.a.j.t.JMeterThread: Thread finished: DemoPerf 1-39
2022-09-10 16:05:16,228 INFO o.a.j.t.JMeterThread: Thread started: DemoPerf 1-40
2022-09-10 16:05:16,527 INFO o.a.j.t.JMeterThread: Thread started: DemoPerf 1-41
2022-09-10 16:05:16,642 INFO o.a.j.t.JMeterThread: Thread is done: DemoPerf 1-41
2022-09-10 16:05:16,642 INFO o.a.j.t.JMeterThread: Thread finished: DemoPerf 1-41
2022-09-10 16:05:16,661 INFO o.a.j.t.JMeterThread: Thread is done: DemoPerf 1-40
2022-09-10 16:05:16,662 INFO o.a.j.t.JMeterThread: Thread finished: DemoPerf 1-40
2022-09-10 16:05:16,828 INFO o.a.j.t.JMeterThread: Thread started: DemoPerf 1-42
2022-09-10 16:05:16,954 INFO o.a.j.t.JMeterThread: Thread is done: DemoPerf 1-42
2022-09-10 16:05:16,954 INFO o.a.j.t.JMeterThread: Thread finished: DemoPerf 1-42
2022-09-10 16:05:17,131 INFO o.a.j.t.JMeterThread: Thread started: DemoPerf 1-43
2022-09-10 16:05:17,391 INFO o.a.j.t.JMeterThread: Thread started: DemoPerf 1-44
2022-09-10 16:05:17,523 INFO o.a.j.t.JMeterThread: Thread is done: DemoPerf 1-44
2022-09-10 16:05:17,523 INFO o.a.j.t.JMeterThread: Thread finished: DemoPerf 1-44
2022-09-10 16:05:17,584 INFO o.a.j.t.JMeterThread: Thread is done: DemoPerf 1-43
2022-09-10 16:05:17,591 INFO o.a.j.t.JMeterThread: Thread finished: DemoPerf 1-43
2022-09-10 16:05:17,741 INFO o.a.j.t.JMeterThread: Thread started: DemoPerf 1-45
2022-09-10 16:05:18,022 INFO o.a.j.t.JMeterThread: Thread started: DemoPerf 1-46
2022-09-10 16:05:18,199 INFO o.a.j.t.JMeterThread: Thread is done: DemoPerf 1-45
2022-09-10 16:05:18,199 INFO o.a.j.t.JMeterThread: Thread finished: DemoPerf 1-45
2022-09-10 16:05:18,323 INFO o.a.j.t.JMeterThread: Thread started: DemoPerf 1-47
2022-09-10 16:05:18,467 INFO o.a.j.t.JMeterThread: Thread is done: DemoPerf 1-46
2022-09-10 16:05:18,467 INFO o.a.j.t.JMeterThread: Thread finished: DemoPerf 1-46
2022-09-10 16:05:18,624 INFO o.a.j.t.JMeterThread: Thread started: DemoPerf 1-48
2022-09-10 16:05:18,750 INFO o.a.j.t.JMeterThread: Thread is done: DemoPerf 1-48
2022-09-10 16:05:18,750 INFO o.a.j.t.JMeterThread: Thread finished: DemoPerf 1-48
2022-09-10 16:05:18,757 INFO o.a.j.t.JMeterThread: Thread is done: DemoPerf 1-47
2022-09-10 16:05:18,757 INFO o.a.j.t.JMeterThread: Thread finished: DemoPerf 1-47
2022-09-10 16:05:18,926 INFO o.a.j.t.JMeterThread: Thread started: DemoPerf 1-49
2022-09-10 16:05:19,222 INFO o.a.j.t.JMeterThread: Thread started: DemoPerf 1-50
2022-09-10 16:05:19,350 INFO o.a.j.t.JMeterThread: Thread is done: DemoPerf 1-49
2022-09-10 16:05:19,350 INFO o.a.j.t.JMeterThread: Thread finished: DemoPerf 1-49
2022-09-10 16:05:19,352 INFO o.a.j.t.JMeterThread: Thread is done: DemoPerf 1-50
2022-09-10 16:05:19,352 INFO o.a.j.t.JMeterThread: Thread finished: DemoPerf 1-50
2022-09-10 16:05:19,523 INFO o.a.j.t.JMeterThread: Thread started: DemoPerf 1-51
2022-09-10 16:05:19,645 INFO o.a.j.t.JMeterThread: Thread is done: DemoPerf 1-51
2022-09-10 16:05:19,646 INFO o.a.j.t.JMeterThread: Thread finished: DemoPerf 1-51
2022-09-10 16:05:19,827 INFO o.a.j.t.JMeterThread: Thread started: DemoPerf 1-52
2022-09-10 16:05:19,942 INFO o.a.j.t.JMeterThread: Thread is done: DemoPerf 1-52
2022-09-10 16:05:19,942 INFO o.a.j.t.JMeterThread: Thread finished: DemoPerf 1-52
2022-09-10 16:05:20,124 INFO o.a.j.t.JMeterThread: Thread started: DemoPerf 1-53
2022-09-10 16:05:20,229 INFO o.a.j.t.JMeterThread: Thread is done: DemoPerf 1-53
2022-09-10 16:05:20,229 INFO o.a.j.t.JMeterThread: Thread finished: DemoPerf 1-53
2022-09-10 16:05:20,422 INFO o.a.j.t.JMeterThread: Thread started: DemoPerf 1-54
2022-09-10 16:05:20,722 INFO o.a.j.t.JMeterThread: Thread started: DemoPerf 1-55
2022-09-10 16:05:20,870 INFO o.a.j.t.JMeterThread: Thread is done: DemoPerf 1-54
2022-09-10 16:05:20,870 INFO o.a.j.t.JMeterThread: Thread finished: DemoPerf 1-54
2022-09-10 16:05:21,028 INFO o.a.j.t.JMeterThread: Thread started: DemoPerf 1-56
2022-09-10 16:05:21,142 INFO o.a.j.t.JMeterThread: Thread is done: DemoPerf 1-56
2022-09-10 16:05:21,142 INFO o.a.j.t.JMeterThread: Thread finished: DemoPerf 1-56
2022-09-10 16:05:21,164 INFO o.a.j.t.JMeterThread: Thread is done: DemoPerf 1-55
2022-09-10 16:05:21,164 INFO o.a.j.t.JMeterThread: Thread finished: DemoPerf 1-55
2022-09-10 16:05:21,324 INFO o.a.j.t.JMeterThread: Thread started: DemoPerf 1-57
2022-09-10 16:05:21,624 INFO o.a.j.t.JMeterThread: Thread started: DemoPerf 1-58
2022-09-10 16:05:21,782 INFO o.a.j.t.JMeterThread: Thread is done: DemoPerf 1-57
2022-09-10 16:05:21,782 INFO o.a.j.t.JMeterThread: Thread finished: DemoPerf 1-57
2022-09-10 16:05:21,863 INFO o.a.j.t.JMeterThread: Thread started: DemoPerf 1-59
2022-09-10 16:05:21,992 INFO o.a.j.t.JMeterThread: Thread is done: DemoPerf 1-59
2022-09-10 16:05:21,993 INFO o.a.j.t.JMeterThread: Thread finished: DemoPerf 1-59
2022-09-10 16:05:22,051 INFO o.a.j.t.JMeterThread: Thread is done: DemoPerf 1-58
2022-09-10 16:05:22,051 INFO o.a.j.t.JMeterThread: Thread finished: DemoPerf 1-58
2022-09-10 16:05:22,228 INFO o.a.j.t.JMeterThread: Thread started: DemoPerf 1-60
2022-09-10 16:05:22,526 INFO o.a.j.t.JMeterThread: Thread started: DemoPerf 1-61
2022-09-10 16:05:22,659 INFO o.a.j.t.JMeterThread: Thread is done: DemoPerf 1-61
2022-09-10 16:05:22,659 INFO o.a.j.t.JMeterThread: Thread finished: DemoPerf 1-61
2022-09-10 16:05:22,701 INFO o.a.j.t.JMeterThread: Thread is done: DemoPerf 1-60
2022-09-10 16:05:22,701 INFO o.a.j.t.JMeterThread: Thread finished: DemoPerf 1-60
2022-09-10 16:05:22,766 INFO o.a.j.t.JMeterThread: Thread started: DemoPerf 1-62
2022-09-10 16:05:22,878 INFO o.a.j.t.JMeterThread: Thread is done: DemoPerf 1-62
2022-09-10 16:05:22,878 INFO o.a.j.t.JMeterThread: Thread finished: DemoPerf 1-62
2022-09-10 16:05:23,130 INFO o.a.j.t.JMeterThread: Thread started: DemoPerf 1-63
2022-09-10 16:05:23,428 INFO o.a.j.t.JMeterThread: Thread started: DemoPerf 1-64
2022-09-10 16:05:23,542 INFO o.a.j.t.JMeterThread: Thread is done: DemoPerf 1-64
2022-09-10 16:05:23,542 INFO o.a.j.t.JMeterThread: Thread finished: DemoPerf 1-64
2022-09-10 16:05:23,563 INFO o.a.j.t.JMeterThread: Thread is done: DemoPerf 1-63
2022-09-10 16:05:23,563 INFO o.a.j.t.JMeterThread: Thread finished: DemoPerf 1-63
2022-09-10 16:05:23,730 INFO o.a.j.t.JMeterThread: Thread started: DemoPerf 1-65
2022-09-10 16:05:23,857 INFO o.a.j.t.JMeterThread: Thread is done: DemoPerf 1-65
2022-09-10 16:05:23,857 INFO o.a.j.t.JMeterThread: Thread finished: DemoPerf 1-65
2022-09-10 16:05:24,031 INFO o.a.j.t.JMeterThread: Thread started: DemoPerf 1-66
2022-09-10 16:05:24,147 INFO o.a.j.t.JMeterThread: Thread is done: DemoPerf 1-66
2022-09-10 16:05:24,147 INFO o.a.j.t.JMeterThread: Thread finished: DemoPerf 1-66
2022-09-10 16:05:24,325 INFO o.a.j.t.JMeterThread: Thread started: DemoPerf 1-67
2022-09-10 16:05:24,629 INFO o.a.j.t.JMeterThread: Thread started: DemoPerf 1-68
2022-09-10 16:05:24,742 INFO o.a.j.t.JMeterThread: Thread is done: DemoPerf 1-68
2022-09-10 16:05:24,742 INFO o.a.j.t.JMeterThread: Thread finished: DemoPerf 1-68
2022-09-10 16:05:24,792 INFO o.a.j.t.JMeterThread: Thread is done: DemoPerf 1-67
2022-09-10 16:05:24,792 INFO o.a.j.t.JMeterThread: Thread finished: DemoPerf 1-67
2022-09-10 16:05:24,915 INFO o.a.j.t.JMeterThread: Thread started: DemoPerf 1-69
2022-09-10 16:05:25,231 INFO o.a.j.t.JMeterThread: Thread started: DemoPerf 1-70
2022-09-10 16:05:25,375 INFO o.a.j.t.JMeterThread: Thread is done: DemoPerf 1-69
2022-09-10 16:05:25,375 INFO o.a.j.t.JMeterThread: Thread finished: DemoPerf 1-69
2022-09-10 16:05:25,528 INFO o.a.j.t.JMeterThread: Thread started: DemoPerf 1-71
2022-09-10 16:05:25,650 INFO o.a.j.t.JMeterThread: Thread is done: DemoPerf 1-71
2022-09-10 16:05:25,651 INFO o.a.j.t.JMeterThread: Thread finished: DemoPerf 1-71
2022-09-10 16:05:25,668 INFO o.a.j.t.JMeterThread: Thread is done: DemoPerf 1-70
2022-09-10 16:05:25,668 INFO o.a.j.t.JMeterThread: Thread finished: DemoPerf 1-70
2022-09-10 16:05:25,829 INFO o.a.j.t.JMeterThread: Thread started: DemoPerf 1-72
2022-09-10 16:05:26,131 INFO o.a.j.t.JMeterThread: Thread started: DemoPerf 1-73
2022-09-10 16:05:26,253 INFO o.a.j.t.JMeterThread: Thread is done: DemoPerf 1-72
2022-09-10 16:05:26,253 INFO o.a.j.t.JMeterThread: Thread finished: DemoPerf 1-72
2022-09-10 16:05:26,269 INFO o.a.j.t.JMeterThread: Thread is done: DemoPerf 1-73
2022-09-10 16:05:26,270 INFO o.a.j.t.JMeterThread: Thread finished: DemoPerf 1-73
2022-09-10 16:05:26,429 INFO o.a.j.t.JMeterThread: Thread started: DemoPerf 1-74
2022-09-10 16:05:26,547 INFO o.a.j.t.JMeterThread: Thread is done: DemoPerf 1-74
2022-09-10 16:05:26,547 INFO o.a.j.t.JMeterThread: Thread finished: DemoPerf 1-74
2022-09-10 16:05:26,722 INFO o.a.j.t.JMeterThread: Thread started: DemoPerf 1-75
2022-09-10 16:05:27,029 INFO o.a.j.t.JMeterThread: Thread started: DemoPerf 1-76
2022-09-10 16:05:27,181 INFO o.a.j.t.JMeterThread: Thread is done: DemoPerf 1-75
2022-09-10 16:05:27,181 INFO o.a.j.t.JMeterThread: Thread finished: DemoPerf 1-75
2022-09-10 16:05:27,329 INFO o.a.j.t.JMeterThread: Thread started: DemoPerf 1-77
2022-09-10 16:05:27,455 INFO o.a.j.t.JMeterThread: Thread is done: DemoPerf 1-77
2022-09-10 16:05:27,455 INFO o.a.j.t.JMeterThread: Thread finished: DemoPerf 1-77
2022-09-10 16:05:27,477 INFO o.a.j.t.JMeterThread: Thread is done: DemoPerf 1-76
2022-09-10 16:05:27,477 INFO o.a.j.t.JMeterThread: Thread finished: DemoPerf 1-76
2022-09-10 16:05:27,629 INFO o.a.j.t.JMeterThread: Thread started: DemoPerf 1-78
2022-09-10 16:05:27,929 INFO o.a.j.t.JMeterThread: Thread started: DemoPerf 1-79
2022-09-10 16:05:28,042 INFO o.a.j.t.JMeterThread: Thread is done: DemoPerf 1-78
2022-09-10 16:05:28,042 INFO o.a.j.t.JMeterThread: Thread finished: DemoPerf 1-78
2022-09-10 16:05:28,165 INFO o.a.j.t.JMeterThread: Thread started: DemoPerf 1-80
2022-09-10 16:05:28,380 INFO o.a.j.t.JMeterThread: Thread is done: DemoPerf 1-79
2022-09-10 16:05:28,380 INFO o.a.j.t.JMeterThread: Thread finished: DemoPerf 1-79
2022-09-10 16:05:28,531 INFO o.a.j.t.JMeterThread: Thread started: DemoPerf 1-81
2022-09-10 16:05:28,603 INFO o.a.j.t.JMeterThread: Thread is done: DemoPerf 1-80
2022-09-10 16:05:28,603 INFO o.a.j.t.JMeterThread: Thread finished: DemoPerf 1-80
2022-09-10 16:05:28,831 INFO o.a.j.t.JMeterThread: Thread started: DemoPerf 1-82
2022-09-10 16:05:28,957 INFO o.a.j.t.JMeterThread: Thread is done: DemoPerf 1-82
2022-09-10 16:05:28,958 INFO o.a.j.t.JMeterThread: Thread finished: DemoPerf 1-82
2022-09-10 16:05:28,992 INFO o.a.j.t.JMeterThread: Thread is done: DemoPerf 1-81
2022-09-10 16:05:28,993 INFO o.a.j.t.JMeterThread: Thread finished: DemoPerf 1-81
2022-09-10 16:05:29,124 INFO o.a.j.t.JMeterThread: Thread started: DemoPerf 1-83
2022-09-10 16:05:29,427 INFO o.a.j.t.JMeterThread: Thread started: DemoPerf 1-84
2022-09-10 16:05:29,546 INFO o.a.j.t.JMeterThread: Thread is done: DemoPerf 1-83
2022-09-10 16:05:29,546 INFO o.a.j.t.JMeterThread: Thread finished: DemoPerf 1-83
2022-09-10 16:05:29,728 INFO o.a.j.t.JMeterThread: Thread started: DemoPerf 1-85
2022-09-10 16:05:29,878 INFO o.a.j.t.JMeterThread: Thread is done: DemoPerf 1-84
2022-09-10 16:05:29,878 INFO o.a.j.t.JMeterThread: Thread finished: DemoPerf 1-84
2022-09-10 16:05:30,031 INFO o.a.j.t.JMeterThread: Thread started: DemoPerf 1-86
2022-09-10 16:05:30,092 INFO o.a.j.r.Summariser: summary +    168 in 00:00:25 =    6.8/s Avg:   141 Min:    21 Max:   416 Err:     0 (0.00%) Active: 2 Started: 86 Finished: 84
2022-09-10 16:05:30,093 INFO o.a.j.r.Summariser: summary =    169 in 00:00:26 =    6.6/s Avg:   143 Min:    21 Max:   616 Err:     0 (0.00%)
2022-09-10 16:05:30,179 INFO o.a.j.t.JMeterThread: Thread is done: DemoPerf 1-85
2022-09-10 16:05:30,180 INFO o.a.j.t.JMeterThread: Thread finished: DemoPerf 1-85
2022-09-10 16:05:30,315 INFO o.a.j.t.JMeterThread: Thread started: DemoPerf 1-87
2022-09-10 16:05:30,496 INFO o.a.j.t.JMeterThread: Thread is done: DemoPerf 1-86
2022-09-10 16:05:30,496 INFO o.a.j.t.JMeterThread: Thread finished: DemoPerf 1-86
2022-09-10 16:05:30,622 INFO o.a.j.t.JMeterThread: Thread started: DemoPerf 1-88
2022-09-10 16:05:30,771 INFO o.a.j.t.JMeterThread: Thread is done: DemoPerf 1-87
2022-09-10 16:05:30,771 INFO o.a.j.t.JMeterThread: Thread finished: DemoPerf 1-87
2022-09-10 16:05:30,926 INFO o.a.j.t.JMeterThread: Thread started: DemoPerf 1-89
2022-09-10 16:05:31,055 INFO o.a.j.t.JMeterThread: Thread is done: DemoPerf 1-88
2022-09-10 16:05:31,055 INFO o.a.j.t.JMeterThread: Thread finished: DemoPerf 1-88
2022-09-10 16:05:31,226 INFO o.a.j.t.JMeterThread: Thread started: DemoPerf 1-90
2022-09-10 16:05:31,377 INFO o.a.j.t.JMeterThread: Thread is done: DemoPerf 1-89
2022-09-10 16:05:31,378 INFO o.a.j.t.JMeterThread: Thread finished: DemoPerf 1-89
2022-09-10 16:05:31,529 INFO o.a.j.t.JMeterThread: Thread started: DemoPerf 1-91
2022-09-10 16:05:31,692 INFO o.a.j.t.JMeterThread: Thread is done: DemoPerf 1-90
2022-09-10 16:05:31,693 INFO o.a.j.t.JMeterThread: Thread finished: DemoPerf 1-90
2022-09-10 16:05:31,822 INFO o.a.j.t.JMeterThread: Thread started: DemoPerf 1-92
2022-09-10 16:05:31,946 INFO o.a.j.t.JMeterThread: Thread is done: DemoPerf 1-92
2022-09-10 16:05:31,946 INFO o.a.j.t.JMeterThread: Thread finished: DemoPerf 1-92
2022-09-10 16:05:31,955 INFO o.a.j.t.JMeterThread: Thread is done: DemoPerf 1-91
2022-09-10 16:05:31,956 INFO o.a.j.t.JMeterThread: Thread finished: DemoPerf 1-91
2022-09-10 16:05:32,124 INFO o.a.j.t.JMeterThread: Thread started: DemoPerf 1-93
2022-09-10 16:05:32,245 INFO o.a.j.t.JMeterThread: Thread is done: DemoPerf 1-93
2022-09-10 16:05:32,245 INFO o.a.j.t.JMeterThread: Thread finished: DemoPerf 1-93
2022-09-10 16:05:32,427 INFO o.a.j.t.JMeterThread: Thread started: DemoPerf 1-94
2022-09-10 16:05:32,730 INFO o.a.j.t.JMeterThread: Thread started: DemoPerf 1-95
2022-09-10 16:05:32,874 INFO o.a.j.t.JMeterThread: Thread is done: DemoPerf 1-94
2022-09-10 16:05:32,874 INFO o.a.j.t.JMeterThread: Thread finished: DemoPerf 1-94
2022-09-10 16:05:33,026 INFO o.a.j.t.JMeterThread: Thread started: DemoPerf 1-96
2022-09-10 16:05:33,180 INFO o.a.j.t.JMeterThread: Thread is done: DemoPerf 1-95
2022-09-10 16:05:33,180 INFO o.a.j.t.JMeterThread: Thread finished: DemoPerf 1-95
2022-09-10 16:05:33,328 INFO o.a.j.t.JMeterThread: Thread started: DemoPerf 1-97
2022-09-10 16:05:33,443 INFO o.a.j.t.JMeterThread: Thread is done: DemoPerf 1-96
2022-09-10 16:05:33,443 INFO o.a.j.t.JMeterThread: Thread finished: DemoPerf 1-96
2022-09-10 16:05:33,615 INFO o.a.j.t.JMeterThread: Thread started: DemoPerf 1-98
2022-09-10 16:05:33,760 INFO o.a.j.t.JMeterThread: Thread is done: DemoPerf 1-97
2022-09-10 16:05:33,760 INFO o.a.j.t.JMeterThread: Thread finished: DemoPerf 1-97
2022-09-10 16:05:33,922 INFO o.a.j.t.JMeterThread: Thread started: DemoPerf 1-99
2022-09-10 16:05:34,047 INFO o.a.j.t.JMeterThread: Thread is done: DemoPerf 1-99
2022-09-10 16:05:34,048 INFO o.a.j.t.JMeterThread: Thread finished: DemoPerf 1-99
2022-09-10 16:05:34,075 INFO o.a.j.t.JMeterThread: Thread is done: DemoPerf 1-98
2022-09-10 16:05:34,075 INFO o.a.j.t.JMeterThread: Thread finished: DemoPerf 1-98
2022-09-10 16:05:34,227 INFO o.a.j.t.JMeterThread: Thread started: DemoPerf 1-100
2022-09-10 16:05:34,355 INFO o.a.j.t.JMeterThread: Thread is done: DemoPerf 1-100
2022-09-10 16:05:34,355 INFO o.a.j.t.JMeterThread: Thread finished: DemoPerf 1-100
2022-09-10 16:05:34,356 INFO o.a.j.e.StandardJMeterEngine: Notifying test listeners of end of test
2022-09-10 16:05:34,357 INFO o.a.j.r.Summariser: summary +     31 in 00:00:04 =    7.3/s Avg:   175 Min:    22 Max:   376 Err:     0 (0.00%) Active: 0 Started: 100 Finished: 100
2022-09-10 16:05:34,357 INFO o.a.j.r.Summariser: summary =    200 in 00:00:30 =    6.7/s Avg:   148 Min:    21 Max:   616 Err:     0 (0.00%)
